# Logfile created on Tue May 18 00:12:34 -0500 2010SQL (0.0ms)  SET NAMES 'utf8'
SQL (0.0ms)  SET SQL_AUTO_IS_NULL=0


Processing UsersController#me (for 127.0.0.1 at 2010-05-18 00:12:51) [GET]
  Parameters: {"action"=>"me", "controller"=>"users"}
SQL (0.0ms)  SET NAMES 'utf8'
SQL (0.0ms)  SET SQL_AUTO_IS_NULL=0
User Columns (4.0ms)  SHOW FIELDS FROM `users`
User Load (1.0ms)  SELECT * FROM `users` WHERE (`users`.`id` = '1') LIMIT 1
SQL (0.0ms)  SET NAMES 'utf8'
SQL (0.0ms)  SET SQL_AUTO_IS_NULL=0
Decode Load (1.0ms)  SELECT * FROM `decodes` ORDER BY sort_order
Decode Columns (4.0ms)  SHOW FIELDS FROM `decodes`
Decode Load (2.0ms)  SELECT * FROM `decodes` WHERE (`decodes`.`name` = 'OP_Phone_Type') ORDER BY sort_order
Ucontact Load (1.0ms)  SELECT * FROM `ucontacts` WHERE (`ucontacts`.user_id = 1) LIMIT 1
Ucontact Columns (5.0ms)  SHOW FIELDS FROM `ucontacts`
Rendering template within layouts/application
Rendering users/show
Usr Load (0.0ms)  SELECT * FROM `usrs` WHERE (`usrs`.user_id = 1) LIMIT 1
Usr Columns (3.0ms)  SHOW FIELDS FROM `usrs`
Rendered layouts/_top_bar (28.0ms)
Rendered layouts/_logo_box (3.0ms)
User Load (1.0ms)  SELECT * FROM `users` WHERE (`users`.`id` = 1) 
Rendered layouts/_header (5.0ms)
Rendered layouts/_old_browser (17.0ms)
Completed in 915ms (View: 180, DB: 9) | 200 OK [http://localhost/]
SQL (1.0ms)  SET NAMES 'utf8'
SQL (0.0ms)  SET SQL_AUTO_IS_NULL=0


Processing UsersController#me (for 127.0.0.1 at 2010-05-18 00:12:54) [GET]
  Parameters: {"action"=>"me", "controller"=>"users"}
SQL (0.0ms)  SET NAMES 'utf8'
SQL (0.0ms)  SET SQL_AUTO_IS_NULL=0
User Columns (4.0ms)  SHOW FIELDS FROM `users`
User Load (1.0ms)  SELECT * FROM `users` WHERE (`users`.`id` = '1') LIMIT 1
SQL (0.0ms)  SET NAMES 'utf8'
SQL (0.0ms)  SET SQL_AUTO_IS_NULL=0
Decode Load (13.0ms)  SELECT * FROM `decodes` ORDER BY sort_order
Decode Columns (4.0ms)  SHOW FIELDS FROM `decodes`
Decode Load (0.0ms)  SELECT * FROM `decodes` WHERE (`decodes`.`name` = 'OP_Phone_Type') ORDER BY sort_order
Ucontact Load (0.0ms)  SELECT * FROM `ucontacts` WHERE (`ucontacts`.user_id = 1) LIMIT 1
Ucontact Columns (5.0ms)  SHOW FIELDS FROM `ucontacts`
Rendering template within layouts/application
Rendering users/show
Usr Load (1.0ms)  SELECT * FROM `usrs` WHERE (`usrs`.user_id = 1) LIMIT 1
Usr Columns (3.0ms)  SHOW FIELDS FROM `usrs`
Rendered layouts/_top_bar (101.0ms)
Rendered layouts/_logo_box (1.0ms)
User Load (0.0ms)  SELECT * FROM `users` WHERE (`users`.`id` = 1) 
Rendered layouts/_header (4.0ms)
Rendered layouts/_old_browser (0.0ms)
Completed in 331ms (View: 119, DB: 10) | 200 OK [http://localhost/]
SQL (0.0ms)  SET NAMES 'utf8'
SQL (0.0ms)  SET SQL_AUTO_IS_NULL=0


Processing UsersController#me (for 127.0.0.1 at 2010-05-18 00:12:57) [GET]
  Parameters: {"action"=>"me", "controller"=>"users"}
SQL (0.0ms)  SET NAMES 'utf8'
SQL (1.0ms)  SET SQL_AUTO_IS_NULL=0
User Columns (4.0ms)  SHOW FIELDS FROM `users`
User Load (0.0ms)  SELECT * FROM `users` WHERE (`users`.`id` = '1') LIMIT 1
SQL (0.0ms)  SET NAMES 'utf8'
SQL (1.0ms)  SET SQL_AUTO_IS_NULL=0
Decode Load (0.0ms)  SELECT * FROM `decodes` ORDER BY sort_order
Decode Columns (5.0ms)  SHOW FIELDS FROM `decodes`
Decode Load (0.0ms)  SELECT * FROM `decodes` WHERE (`decodes`.`name` = 'OP_Phone_Type') ORDER BY sort_order
Ucontact Load (1.0ms)  SELECT * FROM `ucontacts` WHERE (`ucontacts`.user_id = 1) LIMIT 1
Ucontact Columns (5.0ms)  SHOW FIELDS FROM `ucontacts`
Rendering template within layouts/application
Rendering users/show
Usr Load (0.0ms)  SELECT * FROM `usrs` WHERE (`usrs`.user_id = 1) LIMIT 1
Usr Columns (3.0ms)  SHOW FIELDS FROM `usrs`
Rendered layouts/_top_bar (35.0ms)
Rendered layouts/_logo_box (2.0ms)
User Load (0.0ms)  SELECT * FROM `users` WHERE (`users`.`id` = 1) 
Rendered layouts/_header (8.0ms)
Rendered layouts/_old_browser (1.0ms)
Completed in 345ms (View: 69, DB: 9) | 200 OK [http://localhost/]
SQL (0.0ms)  SET NAMES 'utf8'
SQL (0.0ms)  SET SQL_AUTO_IS_NULL=0


Processing UsersController#me (for 127.0.0.1 at 2010-05-18 00:12:58) [GET]
  Parameters: {"action"=>"me", "controller"=>"users"}
SQL (0.0ms)  SET NAMES 'utf8'
SQL (0.0ms)  SET SQL_AUTO_IS_NULL=0
User Columns (4.0ms)  SHOW FIELDS FROM `users`
User Load (1.0ms)  SELECT * FROM `users` WHERE (`users`.`id` = '1') LIMIT 1
SQL (1.0ms)  SET NAMES 'utf8'
SQL (0.0ms)  SET SQL_AUTO_IS_NULL=0
Decode Load (0.0ms)  SELECT * FROM `decodes` ORDER BY sort_order
Decode Columns (4.0ms)  SHOW FIELDS FROM `decodes`
Decode Load (0.0ms)  SELECT * FROM `decodes` WHERE (`decodes`.`name` = 'OP_Phone_Type') ORDER BY sort_order
Ucontact Load (1.0ms)  SELECT * FROM `ucontacts` WHERE (`ucontacts`.user_id = 1) LIMIT 1
Ucontact Columns (5.0ms)  SHOW FIELDS FROM `ucontacts`
Rendering template within layouts/application
Rendering users/show
Usr Load (1.0ms)  SELECT * FROM `usrs` WHERE (`usrs`.user_id = 1) LIMIT 1
Usr Columns (3.0ms)  SHOW FIELDS FROM `usrs`
Rendered layouts/_top_bar (43.0ms)
Rendered layouts/_logo_box (2.0ms)
User Load (0.0ms)  SELECT * FROM `users` WHERE (`users`.`id` = 1) 
Rendered layouts/_header (9.0ms)
Rendered layouts/_old_browser (0.0ms)
Completed in 357ms (View: 80, DB: 10) | 200 OK [http://localhost/]
SQL (0.0ms)  SET NAMES 'utf8'
SQL (0.0ms)  SET SQL_AUTO_IS_NULL=0


Processing UsersController#show (for 127.0.0.1 at 2010-05-18 00:12:59) [GET]
  Parameters: {"action"=>"show", "id"=>"dummy", "controller"=>"users"}
SQL (0.0ms)  SET NAMES 'utf8'
SQL (0.0ms)  SET SQL_AUTO_IS_NULL=0
User Columns (4.0ms)  SHOW FIELDS FROM `users`
User Load (1.0ms)  SELECT * FROM `users` WHERE (`users`.`id` = '1') LIMIT 1
SQL (0.0ms)  SET NAMES 'utf8'
SQL (0.0ms)  SET SQL_AUTO_IS_NULL=0
Decode Load (1.0ms)  SELECT * FROM `decodes` ORDER BY sort_order
Decode Columns (4.0ms)  SHOW FIELDS FROM `decodes`
Decode Load (1.0ms)  SELECT * FROM `decodes` WHERE (`decodes`.`name` = 'OP_Phone_Type') ORDER BY sort_order
Ucontact Load (0.0ms)  SELECT * FROM `ucontacts` WHERE (`ucontacts`.user_id = 1) LIMIT 1
Ucontact Columns (5.0ms)  SHOW FIELDS FROM `ucontacts`
User Load (0.0ms)  SELECT * FROM `users` WHERE (`users`.`username` = 'dummy') LIMIT 1
Rendering template within layouts/application
Rendering users/show
Usr Load (1.0ms)  SELECT * FROM `usrs` WHERE (`usrs`.user_id = 1) LIMIT 1
Usr Columns (3.0ms)  SHOW FIELDS FROM `usrs`
Rendered layouts/_top_bar (35.0ms)
Rendered layouts/_logo_box (3.0ms)
CACHE (0.0ms)  SELECT * FROM `usrs` WHERE (`usrs`.user_id = 1) LIMIT 1
User Load (0.0ms)  SELECT * FROM `users` WHERE (`users`.`id` = 1) 
Rendered layouts/_header (8.0ms)
Rendered layouts/_old_browser (0.0ms)
Completed in 312ms (View: 68, DB: 9) | 200 OK [http://localhost/users/dummy]
SQL (0.0ms)  SET NAMES 'utf8'
SQL (0.0ms)  SET SQL_AUTO_IS_NULL=0


Processing UsersController#show (for 127.0.0.1 at 2010-05-18 00:13:00) [GET]
  Parameters: {"action"=>"show", "id"=>"dummy", "controller"=>"users"}
SQL (1.0ms)  SET NAMES 'utf8'
SQL (1.0ms)  SET SQL_AUTO_IS_NULL=0
User Columns (4.0ms)  SHOW FIELDS FROM `users`
User Load (1.0ms)  SELECT * FROM `users` WHERE (`users`.`id` = '1') LIMIT 1
SQL (0.0ms)  SET NAMES 'utf8'
SQL (0.0ms)  SET SQL_AUTO_IS_NULL=0
Decode Load (0.0ms)  SELECT * FROM `decodes` ORDER BY sort_order
Decode Columns (4.0ms)  SHOW FIELDS FROM `decodes`
Decode Load (0.0ms)  SELECT * FROM `decodes` WHERE (`decodes`.`name` = 'OP_Phone_Type') ORDER BY sort_order
Ucontact Load (0.0ms)  SELECT * FROM `ucontacts` WHERE (`ucontacts`.user_id = 1) LIMIT 1
Ucontact Columns (4.0ms)  SHOW FIELDS FROM `ucontacts`
User Load (1.0ms)  SELECT * FROM `users` WHERE (`users`.`username` = 'dummy') LIMIT 1
Rendering template within layouts/application
Rendering users/show
Usr Load (0.0ms)  SELECT * FROM `usrs` WHERE (`usrs`.user_id = 1) LIMIT 1
Usr Columns (3.0ms)  SHOW FIELDS FROM `usrs`
Rendered layouts/_top_bar (32.0ms)
Rendered layouts/_logo_box (3.0ms)
CACHE (0.0ms)  SELECT * FROM `usrs` WHERE (`usrs`.user_id = 1) LIMIT 1
User Load (0.0ms)  SELECT * FROM `users` WHERE (`users`.`id` = 1) 
Rendered layouts/_header (10.0ms)
Rendered layouts/_old_browser (1.0ms)
Completed in 294ms (View: 63, DB: 7) | 200 OK [http://localhost/users/dummy]
SQL (0.0ms)  SET NAMES 'utf8'
SQL (1.0ms)  SET SQL_AUTO_IS_NULL=0


Processing UsersController#me (for 127.0.0.1 at 2010-05-18 00:13:03) [GET]
  Parameters: {"action"=>"me", "controller"=>"users"}
SQL (0.0ms)  SET NAMES 'utf8'
SQL (0.0ms)  SET SQL_AUTO_IS_NULL=0
User Columns (5.0ms)  SHOW FIELDS FROM `users`
User Load (1.0ms)  SELECT * FROM `users` WHERE (`users`.`id` = '1') LIMIT 1
SQL (0.0ms)  SET NAMES 'utf8'
SQL (0.0ms)  SET SQL_AUTO_IS_NULL=0
Decode Load (1.0ms)  SELECT * FROM `decodes` ORDER BY sort_order
Decode Columns (4.0ms)  SHOW FIELDS FROM `decodes`
Decode Load (1.0ms)  SELECT * FROM `decodes` WHERE (`decodes`.`name` = 'OP_Phone_Type') ORDER BY sort_order
Ucontact Load (0.0ms)  SELECT * FROM `ucontacts` WHERE (`ucontacts`.user_id = 1) LIMIT 1
Ucontact Columns (5.0ms)  SHOW FIELDS FROM `ucontacts`
Rendering template within layouts/application
Rendering users/show
Usr Load (0.0ms)  SELECT * FROM `usrs` WHERE (`usrs`.user_id = 1) LIMIT 1
Usr Columns (3.0ms)  SHOW FIELDS FROM `usrs`
Rendered layouts/_top_bar (29.0ms)
Rendered layouts/_logo_box (2.0ms)
User Load (1.0ms)  SELECT * FROM `users` WHERE (`users`.`id` = 1) 
Rendered layouts/_header (5.0ms)
Rendered layouts/_old_browser (1.0ms)
Completed in 282ms (View: 53, DB: 9) | 200 OK [http://localhost/]
SQL (0.0ms)  SET NAMES 'utf8'
SQL (0.0ms)  SET SQL_AUTO_IS_NULL=0


Processing UsersController#me (for 127.0.0.1 at 2010-05-18 00:13:03) [GET]
  Parameters: {"action"=>"me", "controller"=>"users"}
SQL (1.0ms)  SET NAMES 'utf8'
SQL (1.0ms)  SET SQL_AUTO_IS_NULL=0
User Columns (5.0ms)  SHOW FIELDS FROM `users`
User Load (0.0ms)  SELECT * FROM `users` WHERE (`users`.`id` = '1') LIMIT 1
SQL (0.0ms)  SET NAMES 'utf8'
SQL (1.0ms)  SET SQL_AUTO_IS_NULL=0
Decode Load (1.0ms)  SELECT * FROM `decodes` ORDER BY sort_order
Decode Columns (4.0ms)  SHOW FIELDS FROM `decodes`
Decode Load (0.0ms)  SELECT * FROM `decodes` WHERE (`decodes`.`name` = 'OP_Phone_Type') ORDER BY sort_order
Ucontact Load (0.0ms)  SELECT * FROM `ucontacts` WHERE (`ucontacts`.user_id = 1) LIMIT 1
Ucontact Columns (6.0ms)  SHOW FIELDS FROM `ucontacts`
Rendering template within layouts/application
Rendering users/show
Usr Load (0.0ms)  SELECT * FROM `usrs` WHERE (`usrs`.user_id = 1) LIMIT 1
Usr Columns (5.0ms)  SHOW FIELDS FROM `usrs`
Rendered layouts/_top_bar (27.0ms)
Rendered layouts/_logo_box (1.0ms)
User Load (0.0ms)  SELECT * FROM `users` WHERE (`users`.`id` = 1) 
Rendered layouts/_header (4.0ms)
Rendered layouts/_old_browser (0.0ms)
Completed in 240ms (View: 43, DB: 11) | 200 OK [http://localhost/]
